<?xml version="1.0" encoding="UTF-8"?>
<!-- Generated by org.testng.reporters.JUnitReportReporter -->
<testsuite skipped="0" hostname="LAPTOP-I5MPUN7Q" name="com.mystore.testcases.AddToCartTest" tests="1" failures="0" timestamp="2022-03-28T10:33:23 IST" time="20.885" errors="0">
  <testcase name="addToCart" time="20.885" classname="com.mystore.testcases.AddToCartTest"/>
  <system-out/>
</testsuite> <!-- com.mystore.testcases.AddToCartTest -->
