<?xml version="1.0" encoding="UTF-8"?>
<!-- Generated by org.testng.reporters.JUnitReportReporter -->
<testsuite skipped="0" hostname="LAPTOP-I5MPUN7Q" name="com.mystore.testcases.HomePageTest" tests="2" failures="0" timestamp="2022-03-30T21:34:44 IST" time="107.921" errors="0">
  <testcase name="orderHistoryTest" time="47.793" classname="com.mystore.testcases.HomePageTest"/>
  <system-out/>
  <testcase name="wishListTest" time="60.128" classname="com.mystore.testcases.HomePageTest"/>
  <system-out/>
</testsuite> <!-- com.mystore.testcases.HomePageTest -->
