<?xml version="1.0" encoding="UTF-8"?>
<!-- Generated by org.testng.reporters.JUnitReportReporter -->
<testsuite skipped="0" hostname="LAPTOP-I5MPUN7Q" name="com.mystore.testcases.OrderPageTest" tests="1" failures="0" timestamp="2022-03-30T21:43:31 IST" time="29.542" errors="0">
  <testcase name="verifyTotalPrice" time="29.542" classname="com.mystore.testcases.OrderPageTest"/>
  <system-out/>
</testsuite> <!-- com.mystore.testcases.OrderPageTest -->
