<?xml version="1.0" encoding="UTF-8"?>
<!-- Generated by org.testng.reporters.JUnitReportReporter -->
<testsuite skipped="0" hostname="LAPTOP-I5MPUN7Q" name="com.mystore.base.BaseClass" tests="1" failures="0" timestamp="2022-03-23T13:51:10 IST" time="10.338" errors="0">
  <testcase name="launchBrowser" time="10.338" classname="com.mystore.base.BaseClass"/>
  <system-out/>
</testsuite> <!-- com.mystore.base.BaseClass -->
