<?xml version="1.0" encoding="UTF-8"?>
<!-- Generated by org.testng.reporters.JUnitReportReporter -->
<testsuite skipped="0" hostname="LAPTOP-I5MPUN7Q" name="com.mystore.testcases.AccountCreationPageTest" tests="1" failures="0" timestamp="2022-03-30T21:39:15 IST" time="50.431" errors="0">
  <testcase name="verifyAccountPageTest" time="50.431" classname="com.mystore.testcases.AccountCreationPageTest"/>
  <system-out/>
</testsuite> <!-- com.mystore.testcases.AccountCreationPageTest -->
