<?xml version="1.0" encoding="UTF-8"?>
<!-- Generated by org.testng.reporters.JUnitReportReporter -->
<testsuite skipped="0" hostname="LAPTOP-I5MPUN7Q" name="com.mystore.testcases.HomePageTest" tests="2" failures="0" timestamp="2022-03-24T16:00:29 IST" time="168.162" errors="0">
  <testcase name="orderHistoryTest" time="15.422" classname="com.mystore.testcases.HomePageTest"/>
  <system-out/>
  <testcase name="wishListTest" time="152.740" classname="com.mystore.testcases.HomePageTest"/>
  <system-out/>
</testsuite> <!-- com.mystore.testcases.HomePageTest -->
