<?xml version="1.0" encoding="UTF-8"?>
<!-- Generated by org.testng.reporters.JUnitReportReporter -->
<testsuite skipped="0" hostname="LAPTOP-I5MPUN7Q" name="com.mystore.testcases.IndexPageTest" tests="2" failures="0" timestamp="2022-03-24T15:23:20 IST" time="21.437" errors="0">
  <testcase name="verifyTitle" time="7.768" classname="com.mystore.testcases.IndexPageTest"/>
  <system-out/>
  <testcase name="verifyLogo" time="13.669" classname="com.mystore.testcases.IndexPageTest"/>
  <system-out/>
</testsuite> <!-- com.mystore.testcases.IndexPageTest -->
