<?xml version="1.0" encoding="UTF-8"?>
<!-- Generated by org.testng.reporters.JUnitReportReporter -->
<testsuite skipped="0" hostname="LAPTOP-I5MPUN7Q" name="com.mystore.testcases.OrderPageTest" tests="1" failures="0" timestamp="2022-03-29T09:30:30 IST" time="39.802" errors="0">
  <testcase name="verifyTotalPrice" time="39.802" classname="com.mystore.testcases.OrderPageTest"/>
  <system-out/>
</testsuite> <!-- com.mystore.testcases.OrderPageTest -->
