<?xml version="1.0" encoding="UTF-8"?>
<!-- Generated by org.testng.reporters.JUnitReportReporter -->
<testsuite skipped="0" hostname="LAPTOP-I5MPUN7Q" name="com.mystore.extentReport.EndToEndTest" tests="1" failures="0" timestamp="2022-03-30T14:20:38 IST" time="122.513" errors="0">
  <testcase name="endToEndTest" time="122.513" classname="com.mystore.extentReport.EndToEndTest"/>
  <system-out/>
</testsuite> <!-- com.mystore.extentReport.EndToEndTest -->
