<?xml version="1.0" encoding="UTF-8"?>
<!-- Generated by org.testng.reporters.JUnitReportReporter -->
<testsuite skipped="0" hostname="LAPTOP-I5MPUN7Q" name="extentReports.EndToEndTest" tests="1" failures="0" timestamp="2022-03-30T14:12:13 IST" time="90.546" errors="0">
  <testcase name="endToEndTest" time="90.546" classname="extentReports.EndToEndTest"/>
  <system-out/>
</testsuite> <!-- extentReports.EndToEndTest -->
