<?xml version="1.0" encoding="UTF-8"?>
<!-- Generated by org.testng.reporters.JUnitReportReporter -->
<testsuite skipped="0" hostname="LAPTOP-I5MPUN7Q" name="com.mystore.testcases.AccountCreationPageTest" tests="1" failures="0" timestamp="2022-03-24T17:22:57 IST" time="15.663" errors="0">
  <testcase name="verifyAccountPageTest" time="15.663" classname="com.mystore.testcases.AccountCreationPageTest"/>
  <system-out/>
</testsuite> <!-- com.mystore.testcases.AccountCreationPageTest -->
