<?xml version="1.0" encoding="UTF-8"?>
<!-- Generated by org.testng.reporters.JUnitReportReporter -->
<testsuite skipped="0" hostname="LAPTOP-I5MPUN7Q" name="com.mystore.testcases.HomePageTest" tests="2" failures="0" timestamp="2022-03-29T09:12:52 IST" time="58.014" errors="0">
  <testcase name="wishListTest" time="25.777" classname="com.mystore.testcases.HomePageTest"/>
  <system-out/>
  <testcase name="orderHistoryTest" time="32.237" classname="com.mystore.testcases.HomePageTest"/>
  <system-out/>
</testsuite> <!-- com.mystore.testcases.HomePageTest -->
